<?xml version="1.0" encoding="UTF-8"?>
<testsuites name="Parkin" time="38" tests="6" failures="0" errors="0">
   <testsuite name="Parkin" tests="6" failures="0" errors="0" time="38" timestamp="2018-05-22 03:25:28" hostname="Mikolaj - 192.168.0.13" id="Test Suites/Parkin">
      <properties>
         <property name="deviceName" value=""/>
         <property name="devicePlatform" value=""/>
         <property name="logFolder" value="C:\\Users\\Mikolaj\\Katalon Studio\\parkinTests\\Reports\\Parkin\\20180522_032527"/>
         <property name="logFiles" value="C:\\Users\\Mikolaj\\Katalon Studio\\parkinTests\\Reports\\Parkin\\20180522_032527\\execution0.log"/>
         <property name="attachments" value=""/>
         <property name="hostName" value="Mikolaj - 192.168.0.13"/>
         <property name="os" value="Windows 10 64bit"/>
         <property name="katalonVersion" value="5.4.1.1"/>
         <property name="browser" value="Chrome 66.0.3359.181"/>
         <property name="hostAddress" value="192.168.0.13"/>
         <property name="sessionId" value="845eff9b5da24fbdc2197f6c40cb039f"/>
         <property name="seleniumVersion" value="3.7.1"/>
         <property name="proxyInformation" value="ProxyInformation{proxyOption=NO_PROXY, proxyServerType=HTTP, password=, proxyServerAddress=, proxyServerPort=0}"/>
         <property name="platform" value="Windows 10"/>
      </properties>
      <testcase name="Test Cases/givenStartingPageShouldBeAbleToChangeTariff" classname="Test Cases/givenStartingPageShouldBeAbleToChangeTariff" status="PASSED">
         <system-out><![CDATA[2018-05-22 03:25:28 - [TEST_CASE][PASSED] - Test Cases/givenStartingPageShouldBeAbleToChangeTariff: Test Cases/givenStartingPageShouldBeAbleToChangeTariff

2018-05-22 03:25:28 - [TEST_STEP][PASSED] - openBrowser: Browser is opened with url: ''

2018-05-22 03:25:31 - [MESSAGE][PASSED] - Browser is opened with url: ''

2018-05-22 03:25:31 - [TEST_STEP][PASSED] - maximizeWindow: Current window maximized

2018-05-22 03:25:32 - [MESSAGE][PASSED] - Current window maximized

2018-05-22 03:25:32 - [TEST_STEP][PASSED] - navigateToUrl: Navigate to 'http://localhost:8080/' successfully

2018-05-22 03:25:33 - [MESSAGE][PASSED] - Navigate to 'http://localhost:8080/' successfully

2018-05-22 03:25:33 - [TEST_STEP][PASSED] - click: Object: 'Object Repository/tariffChange/Page_ParkIN  home/a_Tariff' is clicked on

2018-05-22 03:25:33 - [MESSAGE][PASSED] - Object: 'Object Repository/tariffChange/Page_ParkIN  home/a_Tariff' is clicked on

2018-05-22 03:25:33 - [TEST_STEP][PASSED] - click: Object: 'Object Repository/tariffChange/Page_ParkIN  tariff/span_Basic fee' is clicked on

2018-05-22 03:25:33 - [MESSAGE][PASSED] - Object: 'Object Repository/tariffChange/Page_ParkIN  tariff/span_Basic fee' is clicked on

2018-05-22 03:25:33 - [TEST_STEP][PASSED] - setText: Text '12' is set on object 'Object Repository/tariffChange/Page_ParkIN  tariff/input_basicFee'

2018-05-22 03:25:34 - [MESSAGE][PASSED] - Text '12' is set on object 'Object Repository/tariffChange/Page_ParkIN  tariff/input_basicFee'

2018-05-22 03:25:34 - [TEST_STEP][PASSED] - click: Object: 'Object Repository/tariffChange/Page_ParkIN  tariff/span_Basic period' is clicked on

2018-05-22 03:25:34 - [MESSAGE][PASSED] - Object: 'Object Repository/tariffChange/Page_ParkIN  tariff/span_Basic period' is clicked on

2018-05-22 03:25:34 - [TEST_STEP][PASSED] - setText: Text '3' is set on object 'Object Repository/tariffChange/Page_ParkIN  tariff/input_basicPeriod'

2018-05-22 03:25:34 - [MESSAGE][PASSED] - Text '3' is set on object 'Object Repository/tariffChange/Page_ParkIN  tariff/input_basicPeriod'

2018-05-22 03:25:34 - [TEST_STEP][PASSED] - click: Object: 'Object Repository/tariffChange/Page_ParkIN  tariff/span_Extended time fee' is clicked on

2018-05-22 03:25:34 - [MESSAGE][PASSED] - Object: 'Object Repository/tariffChange/Page_ParkIN  tariff/span_Extended time fee' is clicked on

2018-05-22 03:25:34 - [TEST_STEP][PASSED] - setText: Text '43' is set on object 'Object Repository/tariffChange/Page_ParkIN  tariff/input_extendedFee'

2018-05-22 03:25:34 - [MESSAGE][PASSED] - Text '43' is set on object 'Object Repository/tariffChange/Page_ParkIN  tariff/input_extendedFee'

2018-05-22 03:25:34 - [TEST_STEP][PASSED] - click: Object: 'Object Repository/tariffChange/Page_ParkIN  tariff/button_Submit changes' is clicked on

2018-05-22 03:25:34 - [MESSAGE][PASSED] - Object: 'Object Repository/tariffChange/Page_ParkIN  tariff/button_Submit changes' is clicked on

2018-05-22 03:25:34 - [TEST_STEP][PASSED] - click: Object: 'Object Repository/tariffChange/Page_ParkIN  tariff/span_Tariff successfully updat' is clicked on

2018-05-22 03:25:34 - [MESSAGE][PASSED] - Object: 'Object Repository/tariffChange/Page_ParkIN  tariff/span_Tariff successfully updat' is clicked on

2018-05-22 03:25:34 - [TEST_STEP][PASSED] - closeBrowser: Browser is closed

2018-05-22 03:25:35 - [MESSAGE][PASSED] - Browser is closed]]></system-out>
         <system-err><![CDATA[]]></system-err>
      </testcase>
      <testcase name="Test Cases/givenStartingPageShouldBeAbleToGoToStatistics" classname="Test Cases/givenStartingPageShouldBeAbleToGoToStatistics" status="PASSED">
         <system-out><![CDATA[2018-05-22 03:25:35 - [TEST_CASE][PASSED] - Test Cases/givenStartingPageShouldBeAbleToGoToStatistics: Test Cases/givenStartingPageShouldBeAbleToGoToStatistics

2018-05-22 03:25:35 - [TEST_STEP][PASSED] - openBrowser: Browser is opened with url: ''

2018-05-22 03:25:37 - [MESSAGE][PASSED] - Browser is opened with url: ''

2018-05-22 03:25:37 - [TEST_STEP][PASSED] - maximizeWindow: Current window maximized

2018-05-22 03:25:38 - [MESSAGE][PASSED] - Current window maximized

2018-05-22 03:25:38 - [TEST_STEP][PASSED] - navigateToUrl: Navigate to 'http://localhost:8080/' successfully

2018-05-22 03:25:39 - [MESSAGE][PASSED] - Navigate to 'http://localhost:8080/' successfully

2018-05-22 03:25:39 - [TEST_STEP][PASSED] - click: Object: 'Object Repository/navigatingToStatistics/Page_ParkIN  home/a_Statistics' is clicked on

2018-05-22 03:25:39 - [MESSAGE][PASSED] - Object: 'Object Repository/navigatingToStatistics/Page_ParkIN  home/a_Statistics' is clicked on

2018-05-22 03:25:39 - [TEST_STEP][PASSED] - closeBrowser: Browser is closed

2018-05-22 03:25:40 - [MESSAGE][PASSED] - Browser is closed]]></system-out>
         <system-err><![CDATA[]]></system-err>
      </testcase>
      <testcase name="Test Cases/givenStartingPageShouldBeAbleToRegisterACarAndSeeConfirmation" classname="Test Cases/givenStartingPageShouldBeAbleToRegisterACarAndSeeConfirmation" status="PASSED">
         <system-out><![CDATA[2018-05-22 03:25:40 - [TEST_CASE][PASSED] - Test Cases/givenStartingPageShouldBeAbleToRegisterACarAndSeeConfirmation: Test Cases/givenStartingPageShouldBeAbleToRegisterACarAndSeeConfirmation

2018-05-22 03:25:40 - [TEST_STEP][PASSED] - openBrowser: Browser is opened with url: ''

2018-05-22 03:25:42 - [MESSAGE][PASSED] - Browser is opened with url: ''

2018-05-22 03:25:42 - [TEST_STEP][PASSED] - maximizeWindow: Current window maximized

2018-05-22 03:25:43 - [MESSAGE][PASSED] - Current window maximized

2018-05-22 03:25:43 - [TEST_STEP][PASSED] - navigateToUrl: Navigate to 'http://localhost:8080/' successfully

2018-05-22 03:25:44 - [MESSAGE][PASSED] - Navigate to 'http://localhost:8080/' successfully

2018-05-22 03:25:44 - [TEST_STEP][PASSED] - setText: Text '1234' is set on object 'Object Repository/carRegistration/Page_ParkIN  home/input_registerInput'

2018-05-22 03:25:44 - [MESSAGE][PASSED] - Text '1234' is set on object 'Object Repository/carRegistration/Page_ParkIN  home/input_registerInput'

2018-05-22 03:25:44 - [TEST_STEP][PASSED] - click: Object: 'Object Repository/carRegistration/Page_ParkIN  home/button_Register new car' is clicked on

2018-05-22 03:25:44 - [MESSAGE][PASSED] - Object: 'Object Repository/carRegistration/Page_ParkIN  home/button_Register new car' is clicked on

2018-05-22 03:25:44 - [TEST_STEP][PASSED] - click: Object: 'Object Repository/carRegistration/Page_ParkIN  home/span_Car registration successf' is clicked on

2018-05-22 03:25:45 - [MESSAGE][PASSED] - Object: 'Object Repository/carRegistration/Page_ParkIN  home/span_Car registration successf' is clicked on

2018-05-22 03:25:45 - [TEST_STEP][PASSED] - closeBrowser: Browser is closed

2018-05-22 03:25:45 - [MESSAGE][PASSED] - Browser is closed]]></system-out>
         <system-err><![CDATA[]]></system-err>
      </testcase>
      <testcase name="Test Cases/givenStartingPageShouldBeAbleToRegisterCarAndReleaseIt" classname="Test Cases/givenStartingPageShouldBeAbleToRegisterCarAndReleaseIt" status="PASSED">
         <system-out><![CDATA[2018-05-22 03:25:45 - [TEST_CASE][PASSED] - Test Cases/givenStartingPageShouldBeAbleToRegisterCarAndReleaseIt: Test Cases/givenStartingPageShouldBeAbleToRegisterCarAndReleaseIt

2018-05-22 03:25:45 - [TEST_STEP][PASSED] - openBrowser: Browser is opened with url: ''

2018-05-22 03:25:47 - [MESSAGE][PASSED] - Browser is opened with url: ''

2018-05-22 03:25:47 - [TEST_STEP][PASSED] - maximizeWindow: Current window maximized

2018-05-22 03:25:49 - [MESSAGE][PASSED] - Current window maximized

2018-05-22 03:25:49 - [TEST_STEP][PASSED] - navigateToUrl: Navigate to 'http://localhost:8080/' successfully

2018-05-22 03:25:49 - [MESSAGE][PASSED] - Navigate to 'http://localhost:8080/' successfully

2018-05-22 03:25:49 - [TEST_STEP][PASSED] - setText: Text '1234' is set on object 'Object Repository/registeringThenReleasingACar/Page_ParkIN  home/input_registerInput'

2018-05-22 03:25:49 - [MESSAGE][PASSED] - Text '1234' is set on object 'Object Repository/registeringThenReleasingACar/Page_ParkIN  home/input_registerInput'

2018-05-22 03:25:49 - [TEST_STEP][PASSED] - click: Object: 'Object Repository/registeringThenReleasingACar/Page_ParkIN  home/button_Register new car' is clicked on

2018-05-22 03:25:49 - [MESSAGE][PASSED] - Object: 'Object Repository/registeringThenReleasingACar/Page_ParkIN  home/button_Register new car' is clicked on

2018-05-22 03:25:49 - [TEST_STEP][PASSED] - setText: Text '1234' is set on object 'Object Repository/registeringThenReleasingACar/Page_ParkIN  home/input_checkoutInput'

2018-05-22 03:25:49 - [MESSAGE][PASSED] - Text '1234' is set on object 'Object Repository/registeringThenReleasingACar/Page_ParkIN  home/input_checkoutInput'

2018-05-22 03:25:49 - [TEST_STEP][PASSED] - click: Object: 'Object Repository/registeringThenReleasingACar/Page_ParkIN  home/button_Checkout' is clicked on

2018-05-22 03:25:50 - [MESSAGE][PASSED] - Object: 'Object Repository/registeringThenReleasingACar/Page_ParkIN  home/button_Checkout' is clicked on

2018-05-22 03:25:50 - [TEST_STEP][PASSED] - delay: Delayed 1 second(s)

2018-05-22 03:25:51 - [MESSAGE][PASSED] - Delayed 1 second(s)

2018-05-22 03:25:51 - [TEST_STEP][PASSED] - click: Object: 'Object Repository/registeringThenReleasingACar/Page_ParkIN  home/button_Release' is clicked on

2018-05-22 03:25:51 - [MESSAGE][PASSED] - Object: 'Object Repository/registeringThenReleasingACar/Page_ParkIN  home/button_Release' is clicked on

2018-05-22 03:25:51 - [TEST_STEP][PASSED] - closeBrowser: Browser is closed

2018-05-22 03:25:51 - [MESSAGE][PASSED] - Browser is closed]]></system-out>
         <system-err><![CDATA[]]></system-err>
      </testcase>
      <testcase name="Test Cases/givenStartingPageShouldSeeErrorAfterTryingToReleaseSameCarTwice" classname="Test Cases/givenStartingPageShouldSeeErrorAfterTryingToReleaseSameCarTwice" status="PASSED">
         <system-out><![CDATA[2018-05-22 03:25:51 - [TEST_CASE][PASSED] - Test Cases/givenStartingPageShouldSeeErrorAfterTryingToReleaseSameCarTwice: Test Cases/givenStartingPageShouldSeeErrorAfterTryingToReleaseSameCarTwice

2018-05-22 03:25:52 - [TEST_STEP][PASSED] - openBrowser: Browser is opened with url: ''

2018-05-22 03:25:54 - [MESSAGE][PASSED] - Browser is opened with url: ''

2018-05-22 03:25:54 - [TEST_STEP][PASSED] - maximizeWindow: Current window maximized

2018-05-22 03:25:55 - [MESSAGE][PASSED] - Current window maximized

2018-05-22 03:25:55 - [TEST_STEP][PASSED] - navigateToUrl: Navigate to 'http://localhost:8080/' successfully

2018-05-22 03:25:55 - [MESSAGE][PASSED] - Navigate to 'http://localhost:8080/' successfully

2018-05-22 03:25:55 - [TEST_STEP][PASSED] - setText: Text '21' is set on object 'Object Repository/badRelease/Page_ParkIN  home/input_registerInput'

2018-05-22 03:25:56 - [MESSAGE][PASSED] - Text '21' is set on object 'Object Repository/badRelease/Page_ParkIN  home/input_registerInput'

2018-05-22 03:25:56 - [TEST_STEP][PASSED] - click: Object: 'Object Repository/badRelease/Page_ParkIN  home/button_Register new car' is clicked on

2018-05-22 03:25:56 - [MESSAGE][PASSED] - Object: 'Object Repository/badRelease/Page_ParkIN  home/button_Register new car' is clicked on

2018-05-22 03:25:56 - [TEST_STEP][PASSED] - setText: Text '21' is set on object 'Object Repository/badRelease/Page_ParkIN  home/input_checkoutInput'

2018-05-22 03:25:56 - [MESSAGE][PASSED] - Text '21' is set on object 'Object Repository/badRelease/Page_ParkIN  home/input_checkoutInput'

2018-05-22 03:25:56 - [TEST_STEP][PASSED] - click: Object: 'Object Repository/badRelease/Page_ParkIN  home/button_Checkout' is clicked on

2018-05-22 03:25:56 - [MESSAGE][PASSED] - Object: 'Object Repository/badRelease/Page_ParkIN  home/button_Checkout' is clicked on

2018-05-22 03:25:56 - [TEST_STEP][PASSED] - delay: Delayed 1 second(s)

2018-05-22 03:25:57 - [MESSAGE][PASSED] - Delayed 1 second(s)

2018-05-22 03:25:57 - [TEST_STEP][PASSED] - click: Object: 'Object Repository/badRelease/Page_ParkIN  home/button_Release' is clicked on

2018-05-22 03:25:57 - [MESSAGE][PASSED] - Object: 'Object Repository/badRelease/Page_ParkIN  home/button_Release' is clicked on

2018-05-22 03:25:57 - [TEST_STEP][PASSED] - delay: Delayed 1 second(s)

2018-05-22 03:25:58 - [MESSAGE][PASSED] - Delayed 1 second(s)

2018-05-22 03:25:58 - [TEST_STEP][PASSED] - setText: Text '21' is set on object 'Object Repository/badRelease/Page_ParkIN  home/input_checkoutInput'

2018-05-22 03:25:58 - [MESSAGE][PASSED] - Text '21' is set on object 'Object Repository/badRelease/Page_ParkIN  home/input_checkoutInput'

2018-05-22 03:25:58 - [TEST_STEP][PASSED] - click: Object: 'Object Repository/badRelease/Page_ParkIN  home/button_Checkout' is clicked on

2018-05-22 03:25:58 - [MESSAGE][PASSED] - Object: 'Object Repository/badRelease/Page_ParkIN  home/button_Checkout' is clicked on

2018-05-22 03:25:58 - [TEST_STEP][PASSED] - click: Object: 'Object Repository/badRelease/Page_ParkIN  home/div_Invalid registration plate' is clicked on

2018-05-22 03:25:58 - [MESSAGE][PASSED] - Object: 'Object Repository/badRelease/Page_ParkIN  home/div_Invalid registration plate' is clicked on

2018-05-22 03:25:58 - [TEST_STEP][PASSED] - closeBrowser: Browser is closed

2018-05-22 03:25:59 - [MESSAGE][PASSED] - Browser is closed]]></system-out>
         <system-err><![CDATA[]]></system-err>
      </testcase>
      <testcase name="Test Cases/givenStartingPageShouldSeeFullBannerAfterTryingToRegisterTooManyCars" classname="Test Cases/givenStartingPageShouldSeeFullBannerAfterTryingToRegisterTooManyCars" status="PASSED">
         <system-out><![CDATA[2018-05-22 03:25:59 - [TEST_CASE][PASSED] - Test Cases/givenStartingPageShouldSeeFullBannerAfterTryingToRegisterTooManyCars: Test Cases/givenStartingPageShouldSeeFullBannerAfterTryingToRegisterTooManyCars

2018-05-22 03:25:59 - [TEST_STEP][PASSED] - openBrowser: Browser is opened with url: ''

2018-05-22 03:26:01 - [MESSAGE][PASSED] - Browser is opened with url: ''

2018-05-22 03:26:01 - [TEST_STEP][PASSED] - maximizeWindow: Current window maximized

2018-05-22 03:26:02 - [MESSAGE][PASSED] - Current window maximized

2018-05-22 03:26:02 - [TEST_STEP][PASSED] - navigateToUrl: Navigate to 'http://localhost:8080/' successfully

2018-05-22 03:26:03 - [MESSAGE][PASSED] - Navigate to 'http://localhost:8080/' successfully

2018-05-22 03:26:03 - [TEST_STEP][PASSED] - Statement - For (def index : (0..21)): Object: 'Object Repository/registeringTooManyCars/Page_ParkIN  home/button_Register new car' is clicked on

2018-05-22 03:26:03 - [TEST_STEP][PASSED] - Statement - If (com.kms.katalon.core.testobject.ObjectRepository.findTestObject(Object Repository/registeringTooManyCars/Page_ParkIN  home/span_Full)): Object: 'Object Repository/registeringTooManyCars/Page_ParkIN  home/button_Register new car' is clicked on

2018-05-22 03:26:03 - [TEST_STEP][PASSED] - setText: Text '0' is set on object 'Object Repository/registeringTooManyCars/Page_ParkIN  home/input_registerInput'

2018-05-22 03:26:03 - [MESSAGE][PASSED] - Text '0' is set on object 'Object Repository/registeringTooManyCars/Page_ParkIN  home/input_registerInput'

2018-05-22 03:26:03 - [TEST_STEP][PASSED] - click: Object: 'Object Repository/registeringTooManyCars/Page_ParkIN  home/button_Register new car' is clicked on

2018-05-22 03:26:03 - [MESSAGE][PASSED] - Object: 'Object Repository/registeringTooManyCars/Page_ParkIN  home/button_Register new car' is clicked on

2018-05-22 03:26:03 - [TEST_STEP][PASSED] - Statement - If (com.kms.katalon.core.testobject.ObjectRepository.findTestObject(Object Repository/registeringTooManyCars/Page_ParkIN  home/span_Full)): Object: 'Object Repository/registeringTooManyCars/Page_ParkIN  home/button_Register new car' is clicked on

2018-05-22 03:26:03 - [TEST_STEP][PASSED] - setText: Text '1' is set on object 'Object Repository/registeringTooManyCars/Page_ParkIN  home/input_registerInput'

2018-05-22 03:26:03 - [MESSAGE][PASSED] - Text '1' is set on object 'Object Repository/registeringTooManyCars/Page_ParkIN  home/input_registerInput'

2018-05-22 03:26:03 - [TEST_STEP][PASSED] - click: Object: 'Object Repository/registeringTooManyCars/Page_ParkIN  home/button_Register new car' is clicked on

2018-05-22 03:26:03 - [MESSAGE][PASSED] - Object: 'Object Repository/registeringTooManyCars/Page_ParkIN  home/button_Register new car' is clicked on

2018-05-22 03:26:03 - [TEST_STEP][PASSED] - Statement - If (com.kms.katalon.core.testobject.ObjectRepository.findTestObject(Object Repository/registeringTooManyCars/Page_ParkIN  home/span_Full)): Object: 'Object Repository/registeringTooManyCars/Page_ParkIN  home/button_Register new car' is clicked on

2018-05-22 03:26:03 - [TEST_STEP][PASSED] - setText: Text '2' is set on object 'Object Repository/registeringTooManyCars/Page_ParkIN  home/input_registerInput'

2018-05-22 03:26:03 - [MESSAGE][PASSED] - Text '2' is set on object 'Object Repository/registeringTooManyCars/Page_ParkIN  home/input_registerInput'

2018-05-22 03:26:03 - [TEST_STEP][PASSED] - click: Object: 'Object Repository/registeringTooManyCars/Page_ParkIN  home/button_Register new car' is clicked on

2018-05-22 03:26:03 - [MESSAGE][PASSED] - Object: 'Object Repository/registeringTooManyCars/Page_ParkIN  home/button_Register new car' is clicked on

2018-05-22 03:26:03 - [TEST_STEP][PASSED] - Statement - If (com.kms.katalon.core.testobject.ObjectRepository.findTestObject(Object Repository/registeringTooManyCars/Page_ParkIN  home/span_Full)): Object: 'Object Repository/registeringTooManyCars/Page_ParkIN  home/button_Register new car' is clicked on

2018-05-22 03:26:03 - [TEST_STEP][PASSED] - setText: Text '3' is set on object 'Object Repository/registeringTooManyCars/Page_ParkIN  home/input_registerInput'

2018-05-22 03:26:03 - [MESSAGE][PASSED] - Text '3' is set on object 'Object Repository/registeringTooManyCars/Page_ParkIN  home/input_registerInput'

2018-05-22 03:26:03 - [TEST_STEP][PASSED] - click: Object: 'Object Repository/registeringTooManyCars/Page_ParkIN  home/button_Register new car' is clicked on

2018-05-22 03:26:03 - [MESSAGE][PASSED] - Object: 'Object Repository/registeringTooManyCars/Page_ParkIN  home/button_Register new car' is clicked on

2018-05-22 03:26:03 - [TEST_STEP][PASSED] - Statement - If (com.kms.katalon.core.testobject.ObjectRepository.findTestObject(Object Repository/registeringTooManyCars/Page_ParkIN  home/span_Full)): Object: 'Object Repository/registeringTooManyCars/Page_ParkIN  home/button_Register new car' is clicked on

2018-05-22 03:26:03 - [TEST_STEP][PASSED] - setText: Text '4' is set on object 'Object Repository/registeringTooManyCars/Page_ParkIN  home/input_registerInput'

2018-05-22 03:26:03 - [MESSAGE][PASSED] - Text '4' is set on object 'Object Repository/registeringTooManyCars/Page_ParkIN  home/input_registerInput'

2018-05-22 03:26:03 - [TEST_STEP][PASSED] - click: Object: 'Object Repository/registeringTooManyCars/Page_ParkIN  home/button_Register new car' is clicked on

2018-05-22 03:26:03 - [MESSAGE][PASSED] - Object: 'Object Repository/registeringTooManyCars/Page_ParkIN  home/button_Register new car' is clicked on

2018-05-22 03:26:03 - [TEST_STEP][PASSED] - Statement - If (com.kms.katalon.core.testobject.ObjectRepository.findTestObject(Object Repository/registeringTooManyCars/Page_ParkIN  home/span_Full)): Object: 'Object Repository/registeringTooManyCars/Page_ParkIN  home/button_Register new car' is clicked on

2018-05-22 03:26:03 - [TEST_STEP][PASSED] - setText: Text '5' is set on object 'Object Repository/registeringTooManyCars/Page_ParkIN  home/input_registerInput'

2018-05-22 03:26:03 - [MESSAGE][PASSED] - Text '5' is set on object 'Object Repository/registeringTooManyCars/Page_ParkIN  home/input_registerInput'

2018-05-22 03:26:03 - [TEST_STEP][PASSED] - click: Object: 'Object Repository/registeringTooManyCars/Page_ParkIN  home/button_Register new car' is clicked on

2018-05-22 03:26:03 - [MESSAGE][PASSED] - Object: 'Object Repository/registeringTooManyCars/Page_ParkIN  home/button_Register new car' is clicked on

2018-05-22 03:26:03 - [TEST_STEP][PASSED] - Statement - If (com.kms.katalon.core.testobject.ObjectRepository.findTestObject(Object Repository/registeringTooManyCars/Page_ParkIN  home/span_Full)): Object: 'Object Repository/registeringTooManyCars/Page_ParkIN  home/button_Register new car' is clicked on

2018-05-22 03:26:03 - [TEST_STEP][PASSED] - setText: Text '6' is set on object 'Object Repository/registeringTooManyCars/Page_ParkIN  home/input_registerInput'

2018-05-22 03:26:04 - [MESSAGE][PASSED] - Text '6' is set on object 'Object Repository/registeringTooManyCars/Page_ParkIN  home/input_registerInput'

2018-05-22 03:26:04 - [TEST_STEP][PASSED] - click: Object: 'Object Repository/registeringTooManyCars/Page_ParkIN  home/button_Register new car' is clicked on

2018-05-22 03:26:04 - [MESSAGE][PASSED] - Object: 'Object Repository/registeringTooManyCars/Page_ParkIN  home/button_Register new car' is clicked on

2018-05-22 03:26:04 - [TEST_STEP][PASSED] - Statement - If (com.kms.katalon.core.testobject.ObjectRepository.findTestObject(Object Repository/registeringTooManyCars/Page_ParkIN  home/span_Full)): Object: 'Object Repository/registeringTooManyCars/Page_ParkIN  home/button_Register new car' is clicked on

2018-05-22 03:26:04 - [TEST_STEP][PASSED] - setText: Text '7' is set on object 'Object Repository/registeringTooManyCars/Page_ParkIN  home/input_registerInput'

2018-05-22 03:26:04 - [MESSAGE][PASSED] - Text '7' is set on object 'Object Repository/registeringTooManyCars/Page_ParkIN  home/input_registerInput'

2018-05-22 03:26:04 - [TEST_STEP][PASSED] - click: Object: 'Object Repository/registeringTooManyCars/Page_ParkIN  home/button_Register new car' is clicked on

2018-05-22 03:26:04 - [MESSAGE][PASSED] - Object: 'Object Repository/registeringTooManyCars/Page_ParkIN  home/button_Register new car' is clicked on

2018-05-22 03:26:04 - [TEST_STEP][PASSED] - Statement - If (com.kms.katalon.core.testobject.ObjectRepository.findTestObject(Object Repository/registeringTooManyCars/Page_ParkIN  home/span_Full)): Object: 'Object Repository/registeringTooManyCars/Page_ParkIN  home/button_Register new car' is clicked on

2018-05-22 03:26:04 - [TEST_STEP][PASSED] - setText: Text '8' is set on object 'Object Repository/registeringTooManyCars/Page_ParkIN  home/input_registerInput'

2018-05-22 03:26:04 - [MESSAGE][PASSED] - Text '8' is set on object 'Object Repository/registeringTooManyCars/Page_ParkIN  home/input_registerInput'

2018-05-22 03:26:04 - [TEST_STEP][PASSED] - click: Object: 'Object Repository/registeringTooManyCars/Page_ParkIN  home/button_Register new car' is clicked on

2018-05-22 03:26:04 - [MESSAGE][PASSED] - Object: 'Object Repository/registeringTooManyCars/Page_ParkIN  home/button_Register new car' is clicked on

2018-05-22 03:26:04 - [TEST_STEP][PASSED] - Statement - If (com.kms.katalon.core.testobject.ObjectRepository.findTestObject(Object Repository/registeringTooManyCars/Page_ParkIN  home/span_Full)): Object: 'Object Repository/registeringTooManyCars/Page_ParkIN  home/button_Register new car' is clicked on

2018-05-22 03:26:04 - [TEST_STEP][PASSED] - setText: Text '9' is set on object 'Object Repository/registeringTooManyCars/Page_ParkIN  home/input_registerInput'

2018-05-22 03:26:04 - [MESSAGE][PASSED] - Text '9' is set on object 'Object Repository/registeringTooManyCars/Page_ParkIN  home/input_registerInput'

2018-05-22 03:26:04 - [TEST_STEP][PASSED] - click: Object: 'Object Repository/registeringTooManyCars/Page_ParkIN  home/button_Register new car' is clicked on

2018-05-22 03:26:04 - [MESSAGE][PASSED] - Object: 'Object Repository/registeringTooManyCars/Page_ParkIN  home/button_Register new car' is clicked on

2018-05-22 03:26:04 - [TEST_STEP][PASSED] - Statement - If (com.kms.katalon.core.testobject.ObjectRepository.findTestObject(Object Repository/registeringTooManyCars/Page_ParkIN  home/span_Full)): Object: 'Object Repository/registeringTooManyCars/Page_ParkIN  home/button_Register new car' is clicked on

2018-05-22 03:26:04 - [TEST_STEP][PASSED] - setText: Text '10' is set on object 'Object Repository/registeringTooManyCars/Page_ParkIN  home/input_registerInput'

2018-05-22 03:26:04 - [MESSAGE][PASSED] - Text '10' is set on object 'Object Repository/registeringTooManyCars/Page_ParkIN  home/input_registerInput'

2018-05-22 03:26:04 - [TEST_STEP][PASSED] - click: Object: 'Object Repository/registeringTooManyCars/Page_ParkIN  home/button_Register new car' is clicked on

2018-05-22 03:26:04 - [MESSAGE][PASSED] - Object: 'Object Repository/registeringTooManyCars/Page_ParkIN  home/button_Register new car' is clicked on

2018-05-22 03:26:04 - [TEST_STEP][PASSED] - Statement - If (com.kms.katalon.core.testobject.ObjectRepository.findTestObject(Object Repository/registeringTooManyCars/Page_ParkIN  home/span_Full)): Object: 'Object Repository/registeringTooManyCars/Page_ParkIN  home/button_Register new car' is clicked on

2018-05-22 03:26:04 - [TEST_STEP][PASSED] - setText: Text '11' is set on object 'Object Repository/registeringTooManyCars/Page_ParkIN  home/input_registerInput'

2018-05-22 03:26:04 - [MESSAGE][PASSED] - Text '11' is set on object 'Object Repository/registeringTooManyCars/Page_ParkIN  home/input_registerInput'

2018-05-22 03:26:04 - [TEST_STEP][PASSED] - click: Object: 'Object Repository/registeringTooManyCars/Page_ParkIN  home/button_Register new car' is clicked on

2018-05-22 03:26:04 - [MESSAGE][PASSED] - Object: 'Object Repository/registeringTooManyCars/Page_ParkIN  home/button_Register new car' is clicked on

2018-05-22 03:26:04 - [TEST_STEP][PASSED] - Statement - If (com.kms.katalon.core.testobject.ObjectRepository.findTestObject(Object Repository/registeringTooManyCars/Page_ParkIN  home/span_Full)): Object: 'Object Repository/registeringTooManyCars/Page_ParkIN  home/button_Register new car' is clicked on

2018-05-22 03:26:04 - [TEST_STEP][PASSED] - setText: Text '12' is set on object 'Object Repository/registeringTooManyCars/Page_ParkIN  home/input_registerInput'

2018-05-22 03:26:04 - [MESSAGE][PASSED] - Text '12' is set on object 'Object Repository/registeringTooManyCars/Page_ParkIN  home/input_registerInput'

2018-05-22 03:26:04 - [TEST_STEP][PASSED] - click: Object: 'Object Repository/registeringTooManyCars/Page_ParkIN  home/button_Register new car' is clicked on

2018-05-22 03:26:04 - [MESSAGE][PASSED] - Object: 'Object Repository/registeringTooManyCars/Page_ParkIN  home/button_Register new car' is clicked on

2018-05-22 03:26:04 - [TEST_STEP][PASSED] - Statement - If (com.kms.katalon.core.testobject.ObjectRepository.findTestObject(Object Repository/registeringTooManyCars/Page_ParkIN  home/span_Full)): Object: 'Object Repository/registeringTooManyCars/Page_ParkIN  home/button_Register new car' is clicked on

2018-05-22 03:26:04 - [TEST_STEP][PASSED] - setText: Text '13' is set on object 'Object Repository/registeringTooManyCars/Page_ParkIN  home/input_registerInput'

2018-05-22 03:26:04 - [MESSAGE][PASSED] - Text '13' is set on object 'Object Repository/registeringTooManyCars/Page_ParkIN  home/input_registerInput'

2018-05-22 03:26:04 - [TEST_STEP][PASSED] - click: Object: 'Object Repository/registeringTooManyCars/Page_ParkIN  home/button_Register new car' is clicked on

2018-05-22 03:26:04 - [MESSAGE][PASSED] - Object: 'Object Repository/registeringTooManyCars/Page_ParkIN  home/button_Register new car' is clicked on

2018-05-22 03:26:04 - [TEST_STEP][PASSED] - Statement - If (com.kms.katalon.core.testobject.ObjectRepository.findTestObject(Object Repository/registeringTooManyCars/Page_ParkIN  home/span_Full)): Object: 'Object Repository/registeringTooManyCars/Page_ParkIN  home/button_Register new car' is clicked on

2018-05-22 03:26:04 - [TEST_STEP][PASSED] - setText: Text '14' is set on object 'Object Repository/registeringTooManyCars/Page_ParkIN  home/input_registerInput'

2018-05-22 03:26:04 - [MESSAGE][PASSED] - Text '14' is set on object 'Object Repository/registeringTooManyCars/Page_ParkIN  home/input_registerInput'

2018-05-22 03:26:04 - [TEST_STEP][PASSED] - click: Object: 'Object Repository/registeringTooManyCars/Page_ParkIN  home/button_Register new car' is clicked on

2018-05-22 03:26:04 - [MESSAGE][PASSED] - Object: 'Object Repository/registeringTooManyCars/Page_ParkIN  home/button_Register new car' is clicked on

2018-05-22 03:26:04 - [TEST_STEP][PASSED] - Statement - If (com.kms.katalon.core.testobject.ObjectRepository.findTestObject(Object Repository/registeringTooManyCars/Page_ParkIN  home/span_Full)): Object: 'Object Repository/registeringTooManyCars/Page_ParkIN  home/button_Register new car' is clicked on

2018-05-22 03:26:04 - [TEST_STEP][PASSED] - setText: Text '15' is set on object 'Object Repository/registeringTooManyCars/Page_ParkIN  home/input_registerInput'

2018-05-22 03:26:04 - [MESSAGE][PASSED] - Text '15' is set on object 'Object Repository/registeringTooManyCars/Page_ParkIN  home/input_registerInput'

2018-05-22 03:26:04 - [TEST_STEP][PASSED] - click: Object: 'Object Repository/registeringTooManyCars/Page_ParkIN  home/button_Register new car' is clicked on

2018-05-22 03:26:05 - [MESSAGE][PASSED] - Object: 'Object Repository/registeringTooManyCars/Page_ParkIN  home/button_Register new car' is clicked on

2018-05-22 03:26:05 - [TEST_STEP][PASSED] - Statement - If (com.kms.katalon.core.testobject.ObjectRepository.findTestObject(Object Repository/registeringTooManyCars/Page_ParkIN  home/span_Full)): Object: 'Object Repository/registeringTooManyCars/Page_ParkIN  home/button_Register new car' is clicked on

2018-05-22 03:26:05 - [TEST_STEP][PASSED] - setText: Text '16' is set on object 'Object Repository/registeringTooManyCars/Page_ParkIN  home/input_registerInput'

2018-05-22 03:26:05 - [MESSAGE][PASSED] - Text '16' is set on object 'Object Repository/registeringTooManyCars/Page_ParkIN  home/input_registerInput'

2018-05-22 03:26:05 - [TEST_STEP][PASSED] - click: Object: 'Object Repository/registeringTooManyCars/Page_ParkIN  home/button_Register new car' is clicked on

2018-05-22 03:26:05 - [MESSAGE][PASSED] - Object: 'Object Repository/registeringTooManyCars/Page_ParkIN  home/button_Register new car' is clicked on

2018-05-22 03:26:05 - [TEST_STEP][PASSED] - Statement - If (com.kms.katalon.core.testobject.ObjectRepository.findTestObject(Object Repository/registeringTooManyCars/Page_ParkIN  home/span_Full)): Object: 'Object Repository/registeringTooManyCars/Page_ParkIN  home/button_Register new car' is clicked on

2018-05-22 03:26:05 - [TEST_STEP][PASSED] - setText: Text '17' is set on object 'Object Repository/registeringTooManyCars/Page_ParkIN  home/input_registerInput'

2018-05-22 03:26:05 - [MESSAGE][PASSED] - Text '17' is set on object 'Object Repository/registeringTooManyCars/Page_ParkIN  home/input_registerInput'

2018-05-22 03:26:05 - [TEST_STEP][PASSED] - click: Object: 'Object Repository/registeringTooManyCars/Page_ParkIN  home/button_Register new car' is clicked on

2018-05-22 03:26:05 - [MESSAGE][PASSED] - Object: 'Object Repository/registeringTooManyCars/Page_ParkIN  home/button_Register new car' is clicked on

2018-05-22 03:26:05 - [TEST_STEP][PASSED] - Statement - If (com.kms.katalon.core.testobject.ObjectRepository.findTestObject(Object Repository/registeringTooManyCars/Page_ParkIN  home/span_Full)): Object: 'Object Repository/registeringTooManyCars/Page_ParkIN  home/button_Register new car' is clicked on

2018-05-22 03:26:05 - [TEST_STEP][PASSED] - setText: Text '18' is set on object 'Object Repository/registeringTooManyCars/Page_ParkIN  home/input_registerInput'

2018-05-22 03:26:05 - [MESSAGE][PASSED] - Text '18' is set on object 'Object Repository/registeringTooManyCars/Page_ParkIN  home/input_registerInput'

2018-05-22 03:26:05 - [TEST_STEP][PASSED] - click: Object: 'Object Repository/registeringTooManyCars/Page_ParkIN  home/button_Register new car' is clicked on

2018-05-22 03:26:05 - [MESSAGE][PASSED] - Object: 'Object Repository/registeringTooManyCars/Page_ParkIN  home/button_Register new car' is clicked on

2018-05-22 03:26:05 - [TEST_STEP][PASSED] - Statement - If (com.kms.katalon.core.testobject.ObjectRepository.findTestObject(Object Repository/registeringTooManyCars/Page_ParkIN  home/span_Full)): Object: 'Object Repository/registeringTooManyCars/Page_ParkIN  home/button_Register new car' is clicked on

2018-05-22 03:26:05 - [TEST_STEP][PASSED] - setText: Text '19' is set on object 'Object Repository/registeringTooManyCars/Page_ParkIN  home/input_registerInput'

2018-05-22 03:26:05 - [MESSAGE][PASSED] - Text '19' is set on object 'Object Repository/registeringTooManyCars/Page_ParkIN  home/input_registerInput'

2018-05-22 03:26:05 - [TEST_STEP][PASSED] - click: Object: 'Object Repository/registeringTooManyCars/Page_ParkIN  home/button_Register new car' is clicked on

2018-05-22 03:26:05 - [MESSAGE][PASSED] - Object: 'Object Repository/registeringTooManyCars/Page_ParkIN  home/button_Register new car' is clicked on

2018-05-22 03:26:05 - [TEST_STEP][PASSED] - Statement - If (com.kms.katalon.core.testobject.ObjectRepository.findTestObject(Object Repository/registeringTooManyCars/Page_ParkIN  home/span_Full)): Object: 'Object Repository/registeringTooManyCars/Page_ParkIN  home/button_Register new car' is clicked on

2018-05-22 03:26:05 - [TEST_STEP][PASSED] - setText: Text '20' is set on object 'Object Repository/registeringTooManyCars/Page_ParkIN  home/input_registerInput'

2018-05-22 03:26:05 - [MESSAGE][PASSED] - Text '20' is set on object 'Object Repository/registeringTooManyCars/Page_ParkIN  home/input_registerInput'

2018-05-22 03:26:05 - [TEST_STEP][PASSED] - click: Object: 'Object Repository/registeringTooManyCars/Page_ParkIN  home/button_Register new car' is clicked on

2018-05-22 03:26:05 - [MESSAGE][PASSED] - Object: 'Object Repository/registeringTooManyCars/Page_ParkIN  home/button_Register new car' is clicked on

2018-05-22 03:26:05 - [TEST_STEP][PASSED] - Statement - If (com.kms.katalon.core.testobject.ObjectRepository.findTestObject(Object Repository/registeringTooManyCars/Page_ParkIN  home/span_Full)): Object: 'Object Repository/registeringTooManyCars/Page_ParkIN  home/button_Register new car' is clicked on

2018-05-22 03:26:05 - [TEST_STEP][PASSED] - setText: Text '21' is set on object 'Object Repository/registeringTooManyCars/Page_ParkIN  home/input_registerInput'

2018-05-22 03:26:05 - [MESSAGE][PASSED] - Text '21' is set on object 'Object Repository/registeringTooManyCars/Page_ParkIN  home/input_registerInput'

2018-05-22 03:26:05 - [TEST_STEP][PASSED] - click: Object: 'Object Repository/registeringTooManyCars/Page_ParkIN  home/button_Register new car' is clicked on

2018-05-22 03:26:05 - [MESSAGE][PASSED] - Object: 'Object Repository/registeringTooManyCars/Page_ParkIN  home/button_Register new car' is clicked on

2018-05-22 03:26:05 - [TEST_STEP][PASSED] - closeBrowser: Browser is closed

2018-05-22 03:26:06 - [MESSAGE][PASSED] - Browser is closed]]></system-out>
         <system-err><![CDATA[]]></system-err>
      </testcase>
      <system-out><![CDATA[2018-05-22 03:25:28 - [TEST_SUITE][PASSED] - Parkin: Test Cases/givenStartingPageShouldSeeFullBannerAfterTryingToRegisterTooManyCars]]></system-out>
      <system-err><![CDATA[]]></system-err>
   </testsuite>
</testsuites>
