<?xml version="1.0" encoding="UTF-8"?>
<testsuites name="Parkin" time="58" tests="6" failures="0" errors="0">
   <testsuite name="Parkin" tests="6" failures="0" errors="0" time="58" timestamp="2018-05-22 11:42:39" hostname="Mikolaj - 192.168.0.13" id="Test Suites/Parkin">
      <properties>
         <property name="deviceName" value=""/>
         <property name="devicePlatform" value=""/>
         <property name="logFolder" value="C:\\Users\\Mikolaj\\Katalon Studio\\parkinTests\\Reports\\Parkin\\20180522_114237"/>
         <property name="logFiles" value="C:\\Users\\Mikolaj\\Katalon Studio\\parkinTests\\Reports\\Parkin\\20180522_114237\\execution0.log"/>
         <property name="attachments" value=""/>
         <property name="hostName" value="Mikolaj - 192.168.0.13"/>
         <property name="os" value="Windows 10 64bit"/>
         <property name="katalonVersion" value="5.4.1.1"/>
         <property name="browser" value="Chrome 66.0.3359.181"/>
         <property name="hostAddress" value="192.168.0.13"/>
         <property name="sessionId" value="ff6c52f1cf14bb7f1278468a161123ba"/>
         <property name="seleniumVersion" value="3.7.1"/>
         <property name="proxyInformation" value="ProxyInformation{proxyOption=NO_PROXY, proxyServerType=HTTP, password=, proxyServerAddress=, proxyServerPort=0}"/>
         <property name="platform" value="Windows 10"/>
      </properties>
      <testcase name="Test Cases/givenStartingPageShouldBeAbleToChangeTariff" classname="Test Cases/givenStartingPageShouldBeAbleToChangeTariff" status="PASSED">
         <system-out><![CDATA[2018-05-22 11:42:39 - [TEST_CASE][PASSED] - Test Cases/givenStartingPageShouldBeAbleToChangeTariff: Test Cases/givenStartingPageShouldBeAbleToChangeTariff

2018-05-22 11:42:39 - [TEST_STEP][PASSED] - openBrowser: Browser is opened with url: ''

2018-05-22 11:42:43 - [MESSAGE][PASSED] - Browser is opened with url: ''

2018-05-22 11:42:43 - [TEST_STEP][PASSED] - maximizeWindow: Current window maximized

2018-05-22 11:42:45 - [MESSAGE][PASSED] - Current window maximized

2018-05-22 11:42:45 - [TEST_STEP][PASSED] - navigateToUrl: Navigate to 'http://localhost:8080/' successfully

2018-05-22 11:42:45 - [MESSAGE][PASSED] - Navigate to 'http://localhost:8080/' successfully

2018-05-22 11:42:45 - [TEST_STEP][PASSED] - click: Object: 'Object Repository/tariffChange/Page_ParkIN  home/a_Tariff' is clicked on

2018-05-22 11:42:46 - [MESSAGE][PASSED] - Object: 'Object Repository/tariffChange/Page_ParkIN  home/a_Tariff' is clicked on

2018-05-22 11:42:46 - [TEST_STEP][PASSED] - click: Object: 'Object Repository/tariffChange/Page_ParkIN  tariff/span_Basic fee' is clicked on

2018-05-22 11:42:46 - [MESSAGE][PASSED] - Object: 'Object Repository/tariffChange/Page_ParkIN  tariff/span_Basic fee' is clicked on

2018-05-22 11:42:46 - [TEST_STEP][PASSED] - setText: Text '12' is set on object 'Object Repository/tariffChange/Page_ParkIN  tariff/input_basicFee'

2018-05-22 11:42:46 - [MESSAGE][PASSED] - Text '12' is set on object 'Object Repository/tariffChange/Page_ParkIN  tariff/input_basicFee'

2018-05-22 11:42:46 - [TEST_STEP][PASSED] - click: Object: 'Object Repository/tariffChange/Page_ParkIN  tariff/span_Basic period' is clicked on

2018-05-22 11:42:46 - [MESSAGE][PASSED] - Object: 'Object Repository/tariffChange/Page_ParkIN  tariff/span_Basic period' is clicked on

2018-05-22 11:42:46 - [TEST_STEP][PASSED] - setText: Text '3' is set on object 'Object Repository/tariffChange/Page_ParkIN  tariff/input_basicPeriod'

2018-05-22 11:42:46 - [MESSAGE][PASSED] - Text '3' is set on object 'Object Repository/tariffChange/Page_ParkIN  tariff/input_basicPeriod'

2018-05-22 11:42:46 - [TEST_STEP][PASSED] - click: Object: 'Object Repository/tariffChange/Page_ParkIN  tariff/span_Extended time fee' is clicked on

2018-05-22 11:42:46 - [MESSAGE][PASSED] - Object: 'Object Repository/tariffChange/Page_ParkIN  tariff/span_Extended time fee' is clicked on

2018-05-22 11:42:46 - [TEST_STEP][PASSED] - setText: Text '43' is set on object 'Object Repository/tariffChange/Page_ParkIN  tariff/input_extendedFee'

2018-05-22 11:42:46 - [MESSAGE][PASSED] - Text '43' is set on object 'Object Repository/tariffChange/Page_ParkIN  tariff/input_extendedFee'

2018-05-22 11:42:46 - [TEST_STEP][PASSED] - click: Object: 'Object Repository/tariffChange/Page_ParkIN  tariff/button_Submit changes' is clicked on

2018-05-22 11:42:46 - [MESSAGE][PASSED] - Object: 'Object Repository/tariffChange/Page_ParkIN  tariff/button_Submit changes' is clicked on

2018-05-22 11:42:46 - [TEST_STEP][PASSED] - click: Object: 'Object Repository/tariffChange/Page_ParkIN  tariff/span_Tariff successfully updat' is clicked on

2018-05-22 11:42:47 - [MESSAGE][PASSED] - Object: 'Object Repository/tariffChange/Page_ParkIN  tariff/span_Tariff successfully updat' is clicked on

2018-05-22 11:42:47 - [TEST_STEP][PASSED] - closeBrowser: Browser is closed

2018-05-22 11:42:47 - [MESSAGE][PASSED] - Browser is closed]]></system-out>
         <system-err><![CDATA[]]></system-err>
      </testcase>
      <testcase name="Test Cases/givenStartingPageShouldBeAbleToGoToStatistics" classname="Test Cases/givenStartingPageShouldBeAbleToGoToStatistics" status="PASSED">
         <system-out><![CDATA[2018-05-22 11:42:47 - [TEST_CASE][PASSED] - Test Cases/givenStartingPageShouldBeAbleToGoToStatistics: Test Cases/givenStartingPageShouldBeAbleToGoToStatistics

2018-05-22 11:42:48 - [TEST_STEP][PASSED] - openBrowser: Browser is opened with url: ''

2018-05-22 11:42:50 - [MESSAGE][PASSED] - Browser is opened with url: ''

2018-05-22 11:42:50 - [TEST_STEP][PASSED] - maximizeWindow: Current window maximized

2018-05-22 11:42:51 - [MESSAGE][PASSED] - Current window maximized

2018-05-22 11:42:51 - [TEST_STEP][PASSED] - navigateToUrl: Navigate to 'http://localhost:8080/' successfully

2018-05-22 11:42:51 - [MESSAGE][PASSED] - Navigate to 'http://localhost:8080/' successfully

2018-05-22 11:42:51 - [TEST_STEP][PASSED] - click: Object: 'Object Repository/navigatingToStatistics/Page_ParkIN  home/a_Statistics' is clicked on

2018-05-22 11:42:51 - [MESSAGE][PASSED] - Object: 'Object Repository/navigatingToStatistics/Page_ParkIN  home/a_Statistics' is clicked on

2018-05-22 11:42:51 - [TEST_STEP][PASSED] - closeBrowser: Browser is closed

2018-05-22 11:42:52 - [MESSAGE][PASSED] - Browser is closed]]></system-out>
         <system-err><![CDATA[]]></system-err>
      </testcase>
      <testcase name="Test Cases/givenStartingPageShouldBeAbleToRegisterACarAndSeeConfirmation" classname="Test Cases/givenStartingPageShouldBeAbleToRegisterACarAndSeeConfirmation" status="PASSED">
         <system-out><![CDATA[2018-05-22 11:42:52 - [TEST_CASE][PASSED] - Test Cases/givenStartingPageShouldBeAbleToRegisterACarAndSeeConfirmation: Test Cases/givenStartingPageShouldBeAbleToRegisterACarAndSeeConfirmation

2018-05-22 11:42:52 - [TEST_STEP][PASSED] - openBrowser: Browser is opened with url: ''

2018-05-22 11:42:54 - [MESSAGE][PASSED] - Browser is opened with url: ''

2018-05-22 11:42:54 - [TEST_STEP][PASSED] - maximizeWindow: Current window maximized

2018-05-22 11:42:55 - [MESSAGE][PASSED] - Current window maximized

2018-05-22 11:42:55 - [TEST_STEP][PASSED] - navigateToUrl: Navigate to 'http://localhost:8080/' successfully

2018-05-22 11:42:56 - [MESSAGE][PASSED] - Navigate to 'http://localhost:8080/' successfully

2018-05-22 11:42:56 - [TEST_STEP][PASSED] - setText: Text 'abcd' is set on object 'Object Repository/carRegistration/Page_ParkIN  home/input_registerInput'

2018-05-22 11:42:56 - [MESSAGE][PASSED] - Text 'abcd' is set on object 'Object Repository/carRegistration/Page_ParkIN  home/input_registerInput'

2018-05-22 11:42:56 - [TEST_STEP][PASSED] - click: Object: 'Object Repository/carRegistration/Page_ParkIN  home/button_Register new car' is clicked on

2018-05-22 11:42:56 - [MESSAGE][PASSED] - Object: 'Object Repository/carRegistration/Page_ParkIN  home/button_Register new car' is clicked on

2018-05-22 11:42:56 - [TEST_STEP][PASSED] - click: Object: 'Object Repository/carRegistration/Page_ParkIN  home/span_Car registration successf' is clicked on

2018-05-22 11:42:56 - [MESSAGE][PASSED] - Object: 'Object Repository/carRegistration/Page_ParkIN  home/span_Car registration successf' is clicked on

2018-05-22 11:42:56 - [TEST_STEP][PASSED] - closeBrowser: Browser is closed

2018-05-22 11:42:57 - [MESSAGE][PASSED] - Browser is closed]]></system-out>
         <system-err><![CDATA[]]></system-err>
      </testcase>
      <testcase name="Test Cases/givenStartingPageShouldBeAbleToRegisterCarAndReleaseIt" classname="Test Cases/givenStartingPageShouldBeAbleToRegisterCarAndReleaseIt" status="PASSED">
         <system-out><![CDATA[2018-05-22 11:42:57 - [TEST_CASE][PASSED] - Test Cases/givenStartingPageShouldBeAbleToRegisterCarAndReleaseIt: Test Cases/givenStartingPageShouldBeAbleToRegisterCarAndReleaseIt

2018-05-22 11:42:57 - [TEST_STEP][PASSED] - openBrowser: Browser is opened with url: ''

2018-05-22 11:42:59 - [MESSAGE][PASSED] - Browser is opened with url: ''

2018-05-22 11:42:59 - [TEST_STEP][PASSED] - maximizeWindow: Current window maximized

2018-05-22 11:43:00 - [MESSAGE][PASSED] - Current window maximized

2018-05-22 11:43:00 - [TEST_STEP][PASSED] - navigateToUrl: Navigate to 'http://localhost:8080/' successfully

2018-05-22 11:43:01 - [MESSAGE][PASSED] - Navigate to 'http://localhost:8080/' successfully

2018-05-22 11:43:01 - [TEST_STEP][PASSED] - setText: Text 'ab' is set on object 'Object Repository/registeringThenReleasingACar/Page_ParkIN  home/input_registerInput'

2018-05-22 11:43:01 - [MESSAGE][PASSED] - Text 'ab' is set on object 'Object Repository/registeringThenReleasingACar/Page_ParkIN  home/input_registerInput'

2018-05-22 11:43:01 - [TEST_STEP][PASSED] - click: Object: 'Object Repository/registeringThenReleasingACar/Page_ParkIN  home/button_Register new car' is clicked on

2018-05-22 11:43:01 - [MESSAGE][PASSED] - Object: 'Object Repository/registeringThenReleasingACar/Page_ParkIN  home/button_Register new car' is clicked on

2018-05-22 11:43:01 - [TEST_STEP][PASSED] - setText: Text 'ab' is set on object 'Object Repository/registeringThenReleasingACar/Page_ParkIN  home/input_checkoutInput'

2018-05-22 11:43:01 - [MESSAGE][PASSED] - Text 'ab' is set on object 'Object Repository/registeringThenReleasingACar/Page_ParkIN  home/input_checkoutInput'

2018-05-22 11:43:01 - [TEST_STEP][PASSED] - click: Object: 'Object Repository/registeringThenReleasingACar/Page_ParkIN  home/button_Checkout' is clicked on

2018-05-22 11:43:01 - [MESSAGE][PASSED] - Object: 'Object Repository/registeringThenReleasingACar/Page_ParkIN  home/button_Checkout' is clicked on

2018-05-22 11:43:01 - [TEST_STEP][PASSED] - delay: Delayed 1 second(s)

2018-05-22 11:43:02 - [MESSAGE][PASSED] - Delayed 1 second(s)

2018-05-22 11:43:02 - [TEST_STEP][PASSED] - click: Object: 'Object Repository/registeringThenReleasingACar/Page_ParkIN  home/button_Release' is clicked on

2018-05-22 11:43:02 - [MESSAGE][PASSED] - Object: 'Object Repository/registeringThenReleasingACar/Page_ParkIN  home/button_Release' is clicked on

2018-05-22 11:43:02 - [TEST_STEP][PASSED] - closeBrowser: Browser is closed

2018-05-22 11:43:03 - [MESSAGE][PASSED] - Browser is closed]]></system-out>
         <system-err><![CDATA[]]></system-err>
      </testcase>
      <testcase name="Test Cases/givenStartingPageShouldSeeErrorAfterTryingToReleaseSameCarTwice" classname="Test Cases/givenStartingPageShouldSeeErrorAfterTryingToReleaseSameCarTwice" status="PASSED">
         <system-out><![CDATA[2018-05-22 11:43:03 - [TEST_CASE][PASSED] - Test Cases/givenStartingPageShouldSeeErrorAfterTryingToReleaseSameCarTwice: Test Cases/givenStartingPageShouldSeeErrorAfterTryingToReleaseSameCarTwice

2018-05-22 11:43:03 - [TEST_STEP][PASSED] - openBrowser: Browser is opened with url: ''

2018-05-22 11:43:05 - [MESSAGE][PASSED] - Browser is opened with url: ''

2018-05-22 11:43:05 - [TEST_STEP][PASSED] - maximizeWindow: Current window maximized

2018-05-22 11:43:06 - [MESSAGE][PASSED] - Current window maximized

2018-05-22 11:43:06 - [TEST_STEP][PASSED] - navigateToUrl: Navigate to 'http://localhost:8080/' successfully

2018-05-22 11:43:06 - [MESSAGE][PASSED] - Navigate to 'http://localhost:8080/' successfully

2018-05-22 11:43:06 - [TEST_STEP][PASSED] - setText: Text 'cd' is set on object 'Object Repository/badRelease/Page_ParkIN  home/input_registerInput'

2018-05-22 11:43:06 - [MESSAGE][PASSED] - Text 'cd' is set on object 'Object Repository/badRelease/Page_ParkIN  home/input_registerInput'

2018-05-22 11:43:06 - [TEST_STEP][PASSED] - click: Object: 'Object Repository/badRelease/Page_ParkIN  home/button_Register new car' is clicked on

2018-05-22 11:43:06 - [MESSAGE][PASSED] - Object: 'Object Repository/badRelease/Page_ParkIN  home/button_Register new car' is clicked on

2018-05-22 11:43:06 - [TEST_STEP][PASSED] - setText: Text 'cd' is set on object 'Object Repository/badRelease/Page_ParkIN  home/input_checkoutInput'

2018-05-22 11:43:07 - [MESSAGE][PASSED] - Text 'cd' is set on object 'Object Repository/badRelease/Page_ParkIN  home/input_checkoutInput'

2018-05-22 11:43:07 - [TEST_STEP][PASSED] - click: Object: 'Object Repository/badRelease/Page_ParkIN  home/button_Checkout' is clicked on

2018-05-22 11:43:07 - [MESSAGE][PASSED] - Object: 'Object Repository/badRelease/Page_ParkIN  home/button_Checkout' is clicked on

2018-05-22 11:43:07 - [TEST_STEP][PASSED] - delay: Delayed 1 second(s)

2018-05-22 11:43:08 - [MESSAGE][PASSED] - Delayed 1 second(s)

2018-05-22 11:43:08 - [TEST_STEP][PASSED] - click: Object: 'Object Repository/badRelease/Page_ParkIN  home/button_Release' is clicked on

2018-05-22 11:43:08 - [MESSAGE][PASSED] - Object: 'Object Repository/badRelease/Page_ParkIN  home/button_Release' is clicked on

2018-05-22 11:43:08 - [TEST_STEP][PASSED] - delay: Delayed 1 second(s)

2018-05-22 11:43:09 - [MESSAGE][PASSED] - Delayed 1 second(s)

2018-05-22 11:43:09 - [TEST_STEP][PASSED] - setText: Text 'cd' is set on object 'Object Repository/badRelease/Page_ParkIN  home/input_checkoutInput'

2018-05-22 11:43:09 - [MESSAGE][PASSED] - Text 'cd' is set on object 'Object Repository/badRelease/Page_ParkIN  home/input_checkoutInput'

2018-05-22 11:43:09 - [TEST_STEP][PASSED] - click: Object: 'Object Repository/badRelease/Page_ParkIN  home/button_Checkout' is clicked on

2018-05-22 11:43:09 - [MESSAGE][PASSED] - Object: 'Object Repository/badRelease/Page_ParkIN  home/button_Checkout' is clicked on

2018-05-22 11:43:09 - [TEST_STEP][PASSED] - click: Object: 'Object Repository/badRelease/Page_ParkIN  home/div_Invalid registration plate' is clicked on

2018-05-22 11:43:09 - [MESSAGE][PASSED] - Object: 'Object Repository/badRelease/Page_ParkIN  home/div_Invalid registration plate' is clicked on

2018-05-22 11:43:09 - [TEST_STEP][PASSED] - closeBrowser: Browser is closed

2018-05-22 11:43:10 - [MESSAGE][PASSED] - Browser is closed]]></system-out>
         <system-err><![CDATA[]]></system-err>
      </testcase>
      <testcase name="Test Cases/givenStartingPageShouldSeeFullBannerAfterTryingToRegisterTooManyCars" classname="Test Cases/givenStartingPageShouldSeeFullBannerAfterTryingToRegisterTooManyCars" status="PASSED">
         <system-out><![CDATA[2018-05-22 11:43:10 - [TEST_CASE][PASSED] - Test Cases/givenStartingPageShouldSeeFullBannerAfterTryingToRegisterTooManyCars: Test Cases/givenStartingPageShouldSeeFullBannerAfterTryingToRegisterTooManyCars

2018-05-22 11:43:10 - [TEST_STEP][PASSED] - openBrowser: Browser is opened with url: ''

2018-05-22 11:43:12 - [MESSAGE][PASSED] - Browser is opened with url: ''

2018-05-22 11:43:12 - [TEST_STEP][PASSED] - maximizeWindow: Current window maximized

2018-05-22 11:43:13 - [MESSAGE][PASSED] - Current window maximized

2018-05-22 11:43:13 - [TEST_STEP][PASSED] - navigateToUrl: Navigate to 'http://localhost:8080/' successfully

2018-05-22 11:43:13 - [MESSAGE][PASSED] - Navigate to 'http://localhost:8080/' successfully

2018-05-22 11:43:13 - [TEST_STEP][PASSED] - Statement - For (def index : (0..20)): Object: 'Object Repository/registeringTooManyCars/Page_ParkIN  home/button_Register new car' is clicked on

2018-05-22 11:43:13 - [TEST_STEP][PASSED] - delay: Delayed 1 second(s)

2018-05-22 11:43:14 - [MESSAGE][PASSED] - Delayed 1 second(s)

2018-05-22 11:43:14 - [TEST_STEP][PASSED] - setText: Text '0' is set on object 'Object Repository/registeringTooManyCars/Page_ParkIN  home/input_registerInput'

2018-05-22 11:43:14 - [MESSAGE][PASSED] - Text '0' is set on object 'Object Repository/registeringTooManyCars/Page_ParkIN  home/input_registerInput'

2018-05-22 11:43:14 - [TEST_STEP][PASSED] - click: Object: 'Object Repository/registeringTooManyCars/Page_ParkIN  home/button_Register new car' is clicked on

2018-05-22 11:43:14 - [MESSAGE][PASSED] - Object: 'Object Repository/registeringTooManyCars/Page_ParkIN  home/button_Register new car' is clicked on

2018-05-22 11:43:14 - [TEST_STEP][PASSED] - delay: Delayed 1 second(s)

2018-05-22 11:43:15 - [MESSAGE][PASSED] - Delayed 1 second(s)

2018-05-22 11:43:15 - [TEST_STEP][PASSED] - setText: Text '1' is set on object 'Object Repository/registeringTooManyCars/Page_ParkIN  home/input_registerInput'

2018-05-22 11:43:15 - [MESSAGE][PASSED] - Text '1' is set on object 'Object Repository/registeringTooManyCars/Page_ParkIN  home/input_registerInput'

2018-05-22 11:43:15 - [TEST_STEP][PASSED] - click: Object: 'Object Repository/registeringTooManyCars/Page_ParkIN  home/button_Register new car' is clicked on

2018-05-22 11:43:15 - [MESSAGE][PASSED] - Object: 'Object Repository/registeringTooManyCars/Page_ParkIN  home/button_Register new car' is clicked on

2018-05-22 11:43:15 - [TEST_STEP][PASSED] - delay: Delayed 1 second(s)

2018-05-22 11:43:16 - [MESSAGE][PASSED] - Delayed 1 second(s)

2018-05-22 11:43:16 - [TEST_STEP][PASSED] - setText: Text '2' is set on object 'Object Repository/registeringTooManyCars/Page_ParkIN  home/input_registerInput'

2018-05-22 11:43:16 - [MESSAGE][PASSED] - Text '2' is set on object 'Object Repository/registeringTooManyCars/Page_ParkIN  home/input_registerInput'

2018-05-22 11:43:16 - [TEST_STEP][PASSED] - click: Object: 'Object Repository/registeringTooManyCars/Page_ParkIN  home/button_Register new car' is clicked on

2018-05-22 11:43:17 - [MESSAGE][PASSED] - Object: 'Object Repository/registeringTooManyCars/Page_ParkIN  home/button_Register new car' is clicked on

2018-05-22 11:43:17 - [TEST_STEP][PASSED] - delay: Delayed 1 second(s)

2018-05-22 11:43:18 - [MESSAGE][PASSED] - Delayed 1 second(s)

2018-05-22 11:43:18 - [TEST_STEP][PASSED] - setText: Text '3' is set on object 'Object Repository/registeringTooManyCars/Page_ParkIN  home/input_registerInput'

2018-05-22 11:43:18 - [MESSAGE][PASSED] - Text '3' is set on object 'Object Repository/registeringTooManyCars/Page_ParkIN  home/input_registerInput'

2018-05-22 11:43:18 - [TEST_STEP][PASSED] - click: Object: 'Object Repository/registeringTooManyCars/Page_ParkIN  home/button_Register new car' is clicked on

2018-05-22 11:43:18 - [MESSAGE][PASSED] - Object: 'Object Repository/registeringTooManyCars/Page_ParkIN  home/button_Register new car' is clicked on

2018-05-22 11:43:18 - [TEST_STEP][PASSED] - delay: Delayed 1 second(s)

2018-05-22 11:43:19 - [MESSAGE][PASSED] - Delayed 1 second(s)

2018-05-22 11:43:19 - [TEST_STEP][PASSED] - setText: Text '4' is set on object 'Object Repository/registeringTooManyCars/Page_ParkIN  home/input_registerInput'

2018-05-22 11:43:19 - [MESSAGE][PASSED] - Text '4' is set on object 'Object Repository/registeringTooManyCars/Page_ParkIN  home/input_registerInput'

2018-05-22 11:43:19 - [TEST_STEP][PASSED] - click: Object: 'Object Repository/registeringTooManyCars/Page_ParkIN  home/button_Register new car' is clicked on

2018-05-22 11:43:19 - [MESSAGE][PASSED] - Object: 'Object Repository/registeringTooManyCars/Page_ParkIN  home/button_Register new car' is clicked on

2018-05-22 11:43:19 - [TEST_STEP][PASSED] - delay: Delayed 1 second(s)

2018-05-22 11:43:20 - [MESSAGE][PASSED] - Delayed 1 second(s)

2018-05-22 11:43:20 - [TEST_STEP][PASSED] - setText: Text '5' is set on object 'Object Repository/registeringTooManyCars/Page_ParkIN  home/input_registerInput'

2018-05-22 11:43:20 - [MESSAGE][PASSED] - Text '5' is set on object 'Object Repository/registeringTooManyCars/Page_ParkIN  home/input_registerInput'

2018-05-22 11:43:20 - [TEST_STEP][PASSED] - click: Object: 'Object Repository/registeringTooManyCars/Page_ParkIN  home/button_Register new car' is clicked on

2018-05-22 11:43:20 - [MESSAGE][PASSED] - Object: 'Object Repository/registeringTooManyCars/Page_ParkIN  home/button_Register new car' is clicked on

2018-05-22 11:43:20 - [TEST_STEP][PASSED] - delay: Delayed 1 second(s)

2018-05-22 11:43:21 - [MESSAGE][PASSED] - Delayed 1 second(s)

2018-05-22 11:43:21 - [TEST_STEP][PASSED] - setText: Text '6' is set on object 'Object Repository/registeringTooManyCars/Page_ParkIN  home/input_registerInput'

2018-05-22 11:43:21 - [MESSAGE][PASSED] - Text '6' is set on object 'Object Repository/registeringTooManyCars/Page_ParkIN  home/input_registerInput'

2018-05-22 11:43:21 - [TEST_STEP][PASSED] - click: Object: 'Object Repository/registeringTooManyCars/Page_ParkIN  home/button_Register new car' is clicked on

2018-05-22 11:43:21 - [MESSAGE][PASSED] - Object: 'Object Repository/registeringTooManyCars/Page_ParkIN  home/button_Register new car' is clicked on

2018-05-22 11:43:21 - [TEST_STEP][PASSED] - delay: Delayed 1 second(s)

2018-05-22 11:43:22 - [MESSAGE][PASSED] - Delayed 1 second(s)

2018-05-22 11:43:22 - [TEST_STEP][PASSED] - setText: Text '7' is set on object 'Object Repository/registeringTooManyCars/Page_ParkIN  home/input_registerInput'

2018-05-22 11:43:22 - [MESSAGE][PASSED] - Text '7' is set on object 'Object Repository/registeringTooManyCars/Page_ParkIN  home/input_registerInput'

2018-05-22 11:43:22 - [TEST_STEP][PASSED] - click: Object: 'Object Repository/registeringTooManyCars/Page_ParkIN  home/button_Register new car' is clicked on

2018-05-22 11:43:22 - [MESSAGE][PASSED] - Object: 'Object Repository/registeringTooManyCars/Page_ParkIN  home/button_Register new car' is clicked on

2018-05-22 11:43:22 - [TEST_STEP][PASSED] - delay: Delayed 1 second(s)

2018-05-22 11:43:23 - [MESSAGE][PASSED] - Delayed 1 second(s)

2018-05-22 11:43:23 - [TEST_STEP][PASSED] - setText: Text '8' is set on object 'Object Repository/registeringTooManyCars/Page_ParkIN  home/input_registerInput'

2018-05-22 11:43:23 - [MESSAGE][PASSED] - Text '8' is set on object 'Object Repository/registeringTooManyCars/Page_ParkIN  home/input_registerInput'

2018-05-22 11:43:23 - [TEST_STEP][PASSED] - click: Object: 'Object Repository/registeringTooManyCars/Page_ParkIN  home/button_Register new car' is clicked on

2018-05-22 11:43:23 - [MESSAGE][PASSED] - Object: 'Object Repository/registeringTooManyCars/Page_ParkIN  home/button_Register new car' is clicked on

2018-05-22 11:43:23 - [TEST_STEP][PASSED] - delay: Delayed 1 second(s)

2018-05-22 11:43:24 - [MESSAGE][PASSED] - Delayed 1 second(s)

2018-05-22 11:43:24 - [TEST_STEP][PASSED] - setText: Text '9' is set on object 'Object Repository/registeringTooManyCars/Page_ParkIN  home/input_registerInput'

2018-05-22 11:43:24 - [MESSAGE][PASSED] - Text '9' is set on object 'Object Repository/registeringTooManyCars/Page_ParkIN  home/input_registerInput'

2018-05-22 11:43:24 - [TEST_STEP][PASSED] - click: Object: 'Object Repository/registeringTooManyCars/Page_ParkIN  home/button_Register new car' is clicked on

2018-05-22 11:43:24 - [MESSAGE][PASSED] - Object: 'Object Repository/registeringTooManyCars/Page_ParkIN  home/button_Register new car' is clicked on

2018-05-22 11:43:24 - [TEST_STEP][PASSED] - delay: Delayed 1 second(s)

2018-05-22 11:43:25 - [MESSAGE][PASSED] - Delayed 1 second(s)

2018-05-22 11:43:25 - [TEST_STEP][PASSED] - setText: Text '10' is set on object 'Object Repository/registeringTooManyCars/Page_ParkIN  home/input_registerInput'

2018-05-22 11:43:25 - [MESSAGE][PASSED] - Text '10' is set on object 'Object Repository/registeringTooManyCars/Page_ParkIN  home/input_registerInput'

2018-05-22 11:43:25 - [TEST_STEP][PASSED] - click: Object: 'Object Repository/registeringTooManyCars/Page_ParkIN  home/button_Register new car' is clicked on

2018-05-22 11:43:25 - [MESSAGE][PASSED] - Object: 'Object Repository/registeringTooManyCars/Page_ParkIN  home/button_Register new car' is clicked on

2018-05-22 11:43:25 - [TEST_STEP][PASSED] - delay: Delayed 1 second(s)

2018-05-22 11:43:26 - [MESSAGE][PASSED] - Delayed 1 second(s)

2018-05-22 11:43:26 - [TEST_STEP][PASSED] - setText: Text '11' is set on object 'Object Repository/registeringTooManyCars/Page_ParkIN  home/input_registerInput'

2018-05-22 11:43:26 - [MESSAGE][PASSED] - Text '11' is set on object 'Object Repository/registeringTooManyCars/Page_ParkIN  home/input_registerInput'

2018-05-22 11:43:26 - [TEST_STEP][PASSED] - click: Object: 'Object Repository/registeringTooManyCars/Page_ParkIN  home/button_Register new car' is clicked on

2018-05-22 11:43:26 - [MESSAGE][PASSED] - Object: 'Object Repository/registeringTooManyCars/Page_ParkIN  home/button_Register new car' is clicked on

2018-05-22 11:43:26 - [TEST_STEP][PASSED] - delay: Delayed 1 second(s)

2018-05-22 11:43:27 - [MESSAGE][PASSED] - Delayed 1 second(s)

2018-05-22 11:43:27 - [TEST_STEP][PASSED] - setText: Text '12' is set on object 'Object Repository/registeringTooManyCars/Page_ParkIN  home/input_registerInput'

2018-05-22 11:43:27 - [MESSAGE][PASSED] - Text '12' is set on object 'Object Repository/registeringTooManyCars/Page_ParkIN  home/input_registerInput'

2018-05-22 11:43:27 - [TEST_STEP][PASSED] - click: Object: 'Object Repository/registeringTooManyCars/Page_ParkIN  home/button_Register new car' is clicked on

2018-05-22 11:43:27 - [MESSAGE][PASSED] - Object: 'Object Repository/registeringTooManyCars/Page_ParkIN  home/button_Register new car' is clicked on

2018-05-22 11:43:27 - [TEST_STEP][PASSED] - delay: Delayed 1 second(s)

2018-05-22 11:43:28 - [MESSAGE][PASSED] - Delayed 1 second(s)

2018-05-22 11:43:28 - [TEST_STEP][PASSED] - setText: Text '13' is set on object 'Object Repository/registeringTooManyCars/Page_ParkIN  home/input_registerInput'

2018-05-22 11:43:28 - [MESSAGE][PASSED] - Text '13' is set on object 'Object Repository/registeringTooManyCars/Page_ParkIN  home/input_registerInput'

2018-05-22 11:43:28 - [TEST_STEP][PASSED] - click: Object: 'Object Repository/registeringTooManyCars/Page_ParkIN  home/button_Register new car' is clicked on

2018-05-22 11:43:29 - [MESSAGE][PASSED] - Object: 'Object Repository/registeringTooManyCars/Page_ParkIN  home/button_Register new car' is clicked on

2018-05-22 11:43:29 - [TEST_STEP][PASSED] - delay: Delayed 1 second(s)

2018-05-22 11:43:30 - [MESSAGE][PASSED] - Delayed 1 second(s)

2018-05-22 11:43:30 - [TEST_STEP][PASSED] - setText: Text '14' is set on object 'Object Repository/registeringTooManyCars/Page_ParkIN  home/input_registerInput'

2018-05-22 11:43:30 - [MESSAGE][PASSED] - Text '14' is set on object 'Object Repository/registeringTooManyCars/Page_ParkIN  home/input_registerInput'

2018-05-22 11:43:30 - [TEST_STEP][PASSED] - click: Object: 'Object Repository/registeringTooManyCars/Page_ParkIN  home/button_Register new car' is clicked on

2018-05-22 11:43:30 - [MESSAGE][PASSED] - Object: 'Object Repository/registeringTooManyCars/Page_ParkIN  home/button_Register new car' is clicked on

2018-05-22 11:43:30 - [TEST_STEP][PASSED] - delay: Delayed 1 second(s)

2018-05-22 11:43:31 - [MESSAGE][PASSED] - Delayed 1 second(s)

2018-05-22 11:43:31 - [TEST_STEP][PASSED] - setText: Text '15' is set on object 'Object Repository/registeringTooManyCars/Page_ParkIN  home/input_registerInput'

2018-05-22 11:43:31 - [MESSAGE][PASSED] - Text '15' is set on object 'Object Repository/registeringTooManyCars/Page_ParkIN  home/input_registerInput'

2018-05-22 11:43:31 - [TEST_STEP][PASSED] - click: Object: 'Object Repository/registeringTooManyCars/Page_ParkIN  home/button_Register new car' is clicked on

2018-05-22 11:43:31 - [MESSAGE][PASSED] - Object: 'Object Repository/registeringTooManyCars/Page_ParkIN  home/button_Register new car' is clicked on

2018-05-22 11:43:31 - [TEST_STEP][PASSED] - delay: Delayed 1 second(s)

2018-05-22 11:43:32 - [MESSAGE][PASSED] - Delayed 1 second(s)

2018-05-22 11:43:32 - [TEST_STEP][PASSED] - setText: Text '16' is set on object 'Object Repository/registeringTooManyCars/Page_ParkIN  home/input_registerInput'

2018-05-22 11:43:32 - [MESSAGE][PASSED] - Text '16' is set on object 'Object Repository/registeringTooManyCars/Page_ParkIN  home/input_registerInput'

2018-05-22 11:43:32 - [TEST_STEP][PASSED] - click: Object: 'Object Repository/registeringTooManyCars/Page_ParkIN  home/button_Register new car' is clicked on

2018-05-22 11:43:32 - [MESSAGE][PASSED] - Object: 'Object Repository/registeringTooManyCars/Page_ParkIN  home/button_Register new car' is clicked on

2018-05-22 11:43:32 - [TEST_STEP][PASSED] - delay: Delayed 1 second(s)

2018-05-22 11:43:33 - [MESSAGE][PASSED] - Delayed 1 second(s)

2018-05-22 11:43:33 - [TEST_STEP][PASSED] - setText: Text '17' is set on object 'Object Repository/registeringTooManyCars/Page_ParkIN  home/input_registerInput'

2018-05-22 11:43:33 - [MESSAGE][PASSED] - Text '17' is set on object 'Object Repository/registeringTooManyCars/Page_ParkIN  home/input_registerInput'

2018-05-22 11:43:33 - [TEST_STEP][PASSED] - click: Object: 'Object Repository/registeringTooManyCars/Page_ParkIN  home/button_Register new car' is clicked on

2018-05-22 11:43:33 - [MESSAGE][PASSED] - Object: 'Object Repository/registeringTooManyCars/Page_ParkIN  home/button_Register new car' is clicked on

2018-05-22 11:43:33 - [TEST_STEP][PASSED] - delay: Delayed 1 second(s)

2018-05-22 11:43:34 - [MESSAGE][PASSED] - Delayed 1 second(s)

2018-05-22 11:43:34 - [TEST_STEP][PASSED] - setText: Text '18' is set on object 'Object Repository/registeringTooManyCars/Page_ParkIN  home/input_registerInput'

2018-05-22 11:43:34 - [MESSAGE][PASSED] - Text '18' is set on object 'Object Repository/registeringTooManyCars/Page_ParkIN  home/input_registerInput'

2018-05-22 11:43:34 - [TEST_STEP][PASSED] - click: Object: 'Object Repository/registeringTooManyCars/Page_ParkIN  home/button_Register new car' is clicked on

2018-05-22 11:43:34 - [MESSAGE][PASSED] - Object: 'Object Repository/registeringTooManyCars/Page_ParkIN  home/button_Register new car' is clicked on

2018-05-22 11:43:34 - [TEST_STEP][PASSED] - delay: Delayed 1 second(s)

2018-05-22 11:43:35 - [MESSAGE][PASSED] - Delayed 1 second(s)

2018-05-22 11:43:35 - [TEST_STEP][PASSED] - setText: Text '19' is set on object 'Object Repository/registeringTooManyCars/Page_ParkIN  home/input_registerInput'

2018-05-22 11:43:35 - [MESSAGE][PASSED] - Text '19' is set on object 'Object Repository/registeringTooManyCars/Page_ParkIN  home/input_registerInput'

2018-05-22 11:43:35 - [TEST_STEP][PASSED] - click: Object: 'Object Repository/registeringTooManyCars/Page_ParkIN  home/button_Register new car' is clicked on

2018-05-22 11:43:35 - [MESSAGE][PASSED] - Object: 'Object Repository/registeringTooManyCars/Page_ParkIN  home/button_Register new car' is clicked on

2018-05-22 11:43:35 - [TEST_STEP][PASSED] - delay: Delayed 1 second(s)

2018-05-22 11:43:36 - [MESSAGE][PASSED] - Delayed 1 second(s)

2018-05-22 11:43:36 - [TEST_STEP][PASSED] - setText: Text '20' is set on object 'Object Repository/registeringTooManyCars/Page_ParkIN  home/input_registerInput'

2018-05-22 11:43:36 - [MESSAGE][PASSED] - Text '20' is set on object 'Object Repository/registeringTooManyCars/Page_ParkIN  home/input_registerInput'

2018-05-22 11:43:36 - [TEST_STEP][PASSED] - click: Object: 'Object Repository/registeringTooManyCars/Page_ParkIN  home/button_Register new car' is clicked on

2018-05-22 11:43:36 - [MESSAGE][PASSED] - Object: 'Object Repository/registeringTooManyCars/Page_ParkIN  home/button_Register new car' is clicked on

2018-05-22 11:43:36 - [TEST_STEP][PASSED] - Statement - If (com.kms.katalon.core.webui.keyword.WebUiBuiltInKeywords.verifyElementVisible(com.kms.katalon.core.testobject.ObjectRepository.findTestObject(Object Repository/registeringTooManyCars/Page_ParkIN  home/span_Full))): Browser is closed

2018-05-22 11:43:36 - [MESSAGE][PASSED] - Object 'Object Repository/registeringTooManyCars/Page_ParkIN  home/span_Full' is visible

2018-05-22 11:43:36 - [TEST_STEP][PASSED] - closeBrowser: Browser is closed

2018-05-22 11:43:37 - [MESSAGE][PASSED] - Browser is closed]]></system-out>
         <system-err><![CDATA[]]></system-err>
      </testcase>
      <system-out><![CDATA[2018-05-22 11:42:39 - [TEST_SUITE][PASSED] - Parkin: Test Cases/givenStartingPageShouldSeeFullBannerAfterTryingToRegisterTooManyCars]]></system-out>
      <system-err><![CDATA[]]></system-err>
   </testsuite>
</testsuites>
